MSBuild version 18.0.5+e22287bf1 for .NET Framework
Build started 2025/12/14 16:59:57.

Project "e:\Personal\Coding\QuickView\QuickView_VS2026_X64\src\JPEGView\JPEGView.vcxproj" on node 1 (default targets).
PrepareForBuild:
  Structured output is enabled. The formatting of compiler diagnostics will reflect the error hierarchy. See https://aka.ms/cpp/structured-output for more details.
InitializeBuildStatus:
  Touching "obj\x64\Release\QuickView.tlog\unsuccessfulbuild".
ClCompile:
  All outputs are up-to-date.
  All outputs are up-to-date.
  D:\Program Files\Microsoft Visual Studio\18\Community\VC\Tools\MSVC\14.50.35717\bin\HostX86\x64\CL.exe /c /I..\WTL\Include /nologo /W3 /WX- /diagnostics:column /O2 /D WIN32 /D _WINDOWS /D STRICT /D NDEBUG /D _UNICODE /D UNICODE /GF- /Gm- /EHa /MT /GS /Gy- /fp:precise /fp:except- /Zc:wchar_t /Zc:forScope /Zc:inline /GR /openmp- /std:c++17 /Yu"stdafx.h" /Fp"obj\x64\Release\QuickView.pch" /Fo"obj\x64\Release\\" /Fd"obj\x64\Release\QuickView.pdb" /external:W3 /Gd /TP /FC /errorReport:queue /FS MainDlg.cpp
  MainDlg.cpp
e:\Personal\Coding\QuickView\QuickView_VS2026_X64\src\JPEGView\MainDlg.cpp(1983,19): warning C4090: “初始化”: 不同的“__unaligned”限定符 [e:\Personal\Coding\QuickView\QuickView_VS2026_X64\src\JPEGView\JPEGView.vcxproj]
  (compiling source file '/MainDlg.cpp')
  
ResourceCompile:
  All outputs are up-to-date.
Link:
  D:\Program Files\Microsoft Visual Studio\18\Community\VC\Tools\MSVC\14.50.35717\bin\HostX86\x64\link.exe /ERRORREPORT:QUEUE /OUT:"bin\x64\Release\QuickView.exe" /INCREMENTAL:NO /NOLOGO /LIBPATH:bin\x64\Release legacy_stdio_definitions.lib legacy_stdio_wide_specifiers.lib gdiplus.lib WICLoader.lib "turbojpeg-static.lib" libpng16.lib zlib.lib jxl_dec.lib jxl_threads.lib heif.lib libwebp.lib libwebpdemux.lib avif.lib lcms2.lib libraw.lib kernel32.lib user32.lib gdi32.lib winspool.lib comdlg32.lib advapi32.lib shell32.lib ole32.lib oleaut32.lib uuid.lib odbc32.lib odbccp32.lib Delayimp.lib /DELAYLOAD:WICLoader.dll /DELAYLOAD:jxl_dec.dll /DELAYLOAD:jxl_threads.dll /DELAYLOAD:heif.dll /DELAYLOAD:avif.dll /DELAYLOAD:lcms2.dll /DELAYLOAD:libraw.dll /MANIFEST /MANIFESTUAC:"level='asInvoker' uiAccess='false'" /manifest:embed /manifestinput:"D:\Program Files\Microsoft Visual Studio\18\Community\VC\Tools\MSVC\14.50.35717\Include\Manifest\dpiaware.manifest" /PDB:"bin\x64\Release\QuickView.pdb" /SUBSYSTEM:WINDOWS /LTCG:incremental /LTCGOUT:"obj\x64\Release\QuickView.iobj" /TLBID:1 /DYNAMICBASE /NXCOMPAT /IMPLIB:"bin\x64\Release\QuickView.lib" /MACHINE:X64 /IGNORE:4099 obj\x64\Release\JPEGView.res
  obj\x64\Release\ApplyFilterAVX.obj
  obj\x64\Release\AVIFWrapper.obj
  obj\x64\Release\BasicProcessing.obj
  obj\x64\Release\Clipboard.obj
  obj\x64\Release\ContextMenuHandler.obj
  obj\x64\Release\dcraw_mod.obj
  obj\x64\Release\DebugLog.obj
  obj\x64\Release\DesktopWallpaper.obj
  obj\x64\Release\DirectoryWatcher.obj
  obj\x64\Release\EXIFHelpers.obj
  obj\x64\Release\EXIFReader.obj
  obj\x64\Release\FileExtensionsDlg.obj
  obj\x64\Release\FileExtensionsRegistry.obj
  obj\x64\Release\FileList.obj
  obj\x64\Release\HashCompareLPCTSTR.obj
  obj\x64\Release\HEIFWrapper.obj
  obj\x64\Release\HelpDlg.obj
  obj\x64\Release\Helpers.obj
  obj\x64\Release\HelpersGUI.obj
  obj\x64\Release\HistogramCorr.obj
  obj\x64\Release\ICCProfileTransform.obj
  obj\x64\Release\ImageLoadThread.obj
  obj\x64\Release\InfoButtonPanel.obj
  obj\x64\Release\InfoButtonPanelCtl.obj
  obj\x64\Release\JPEGImage.obj
  obj\x64\Release\JPEGLosslessTransform.obj
  obj\x64\Release\JPEGProvider.obj
  obj\x64\Release\JPEGView.obj
  obj\x64\Release\JXLWrapper.obj
  obj\x64\Release\KeyMap.obj
  obj\x64\Release\LocalDensityCorr.obj
  obj\x64\Release\ManageOpenWithDlg.obj
  obj\x64\Release\MultiMonitorSupport.obj
  obj\x64\Release\NLS.obj
  obj\x64\Release\ParameterDB.obj
  obj\x64\Release\PNGWrapper.obj
  obj\x64\Release\PrintDlg.obj
  obj\x64\Release\PrintImage.obj
  obj\x64\Release\ProcessingThreadPool.obj
  obj\x64\Release\PSDWrapper.obj
  obj\x64\Release\QOIWrapper.obj
  obj\x64\Release\RAWWrapper.obj
  obj\x64\Release\ReaderBMP.obj
  obj\x64\Release\ReaderTGA.obj
  obj\x64\Release\ResizeDlg.obj
  obj\x64\Release\ResizeFilter.obj
  obj\x64\Release\SaveImage.obj
  obj\x64\Release\SettingsProvider.obj
  obj\x64\Release\stdafx.obj
  obj\x64\Release\TiltCorrectionPanel.obj
  obj\x64\Release\TiltCorrectionPanelCtl.obj
  obj\x64\Release\TJPEGWrapper.obj
  obj\x64\Release\TransformPanel.obj
  obj\x64\Release\TransformPanelCtl.obj
  obj\x64\Release\UserCommand.obj
  obj\x64\Release\WEBPWrapper.obj
  obj\x64\Release\WorkThread.obj
  obj\x64\Release\XMMImage.obj
  obj\x64\Release\EXIFDisplay.obj
  obj\x64\Release\GUIControls.obj
  obj\x64\Release\HelpDisplay.obj
  obj\x64\Release\NavigationPanel.obj
  obj\x64\Release\PaintMemDCMgr.obj
  obj\x64\Release\Panel.obj
  obj\x64\Release\RotationPanel.obj
  obj\x64\Release\Tooltip.obj
  obj\x64\Release\UnsharpMaskPanel.obj
  obj\x64\Release\WndButtonPanel.obj
  obj\x64\Release\ZoomNavigator.obj
  obj\x64\Release\EXIFDisplayCtl.obj
  obj\x64\Release\HelpDisplayCtl.obj
  obj\x64\Release\NavigationPanelCtl.obj
  obj\x64\Release\PanelController.obj
  obj\x64\Release\PanelMgr.obj
  obj\x64\Release\RotationPanelCtl.obj
  obj\x64\Release\UnsharpMaskPanelCtl.obj
  obj\x64\Release\WndButtonPanelCtl.obj
  obj\x64\Release\ZoomNavigatorCtl.obj
  obj\x64\Release\AboutDlg.obj
  obj\x64\Release\BatchCopyDlg.obj
  obj\x64\Release\CropSizeDlg.obj
  obj\x64\Release\FileOpenDialog.obj
  obj\x64\Release\MainDlg.obj
  obj\x64\Release\UpdateChecker.obj
  obj\x64\Release\ThumbnailPanel.obj
  obj\x64\Release\ThumbnailPanelCtl.obj
  正在生成代码
  Previous IPDB and IOBJ mismatch, fall back to full compilation.
  All 406 functions were compiled because no usable IPDB/IOBJ from previous compilation was found.
  已完成代码的生成
  JPEGView.vcxproj -> e:\Personal\Coding\QuickView\QuickView_VS2026_X64\src\JPEGView\bin\x64\Release\QuickView.exe
PostBuildEvent:
  call "e:\Personal\Coding\QuickView\QuickView_VS2026_X64\src\JPEGView\..\extras\scripts\JPEGView.vcxproj-postbuild-event.bat" "64" "QuickView" "e:\Personal\Coding\QuickView\QuickView_VS2026_X64\src\JPEGView\" "e:\Personal\Coding\QuickView\QuickView_VS2026_X64\src\JPEGView\bin\x64\Release\"
  :VCEnd
  The system cannot find the path specified.
D:\Program Files\Microsoft Visual Studio\18\Community\MSBuild\Microsoft\VC\v180\Microsoft.CppCommon.targets(166,5): error MSB3073: The command "call "e:\Personal\Coding\QuickView\QuickView_VS2026_X64\src\JPEGView\..\extras\scripts\JPEGView.vcxproj-postbuild-event.bat" "64" "QuickView" "e:\Personal\Coding\QuickView\QuickView_VS2026_X64\src\JPEGView\" "e:\Personal\Coding\QuickView\QuickView_VS2026_X64\src\JPEGView\bin\x64\Release\" [e:\Personal\Coding\QuickView\QuickView_VS2026_X64\src\JPEGView\JPEGView.vcxproj]
D:\Program Files\Microsoft Visual Studio\18\Community\MSBuild\Microsoft\VC\v180\Microsoft.CppCommon.targets(166,5): error MSB3073: :VCEnd" exited with code 1. [e:\Personal\Coding\QuickView\QuickView_VS2026_X64\src\JPEGView\JPEGView.vcxproj]
Done Building Project "e:\Personal\Coding\QuickView\QuickView_VS2026_X64\src\JPEGView\JPEGView.vcxproj" (default targets) -- FAILED.

Build FAILED.

"e:\Personal\Coding\QuickView\QuickView_VS2026_X64\src\JPEGView\JPEGView.vcxproj" (default target) (1) ->
(ClCompile target) -> 
  e:\Personal\Coding\QuickView\QuickView_VS2026_X64\src\JPEGView\MainDlg.cpp(1983,19): warning C4090: “初始化”: 不同的“__unaligned”限定符 [e:\Personal\Coding\QuickView\QuickView_VS2026_X64\src\JPEGView\JPEGView.vcxproj]


"e:\Personal\Coding\QuickView\QuickView_VS2026_X64\src\JPEGView\JPEGView.vcxproj" (default target) (1) ->
(PostBuildEvent target) -> 
  D:\Program Files\Microsoft Visual Studio\18\Community\MSBuild\Microsoft\VC\v180\Microsoft.CppCommon.targets(166,5): error MSB3073: The command "call "e:\Personal\Coding\QuickView\QuickView_VS2026_X64\src\JPEGView\..\extras\scripts\JPEGView.vcxproj-postbuild-event.bat" "64" "QuickView" "e:\Personal\Coding\QuickView\QuickView_VS2026_X64\src\JPEGView\" "e:\Personal\Coding\QuickView\QuickView_VS2026_X64\src\JPEGView\bin\x64\Release\" [e:\Personal\Coding\QuickView\QuickView_VS2026_X64\src\JPEGView\JPEGView.vcxproj]
D:\Program Files\Microsoft Visual Studio\18\Community\MSBuild\Microsoft\VC\v180\Microsoft.CppCommon.targets(166,5): error MSB3073: :VCEnd" exited with code 1. [e:\Personal\Coding\QuickView\QuickView_VS2026_X64\src\JPEGView\JPEGView.vcxproj]

    1 Warning(s)
    1 Error(s)

Time Elapsed 00:00:03.03
