MSBuild version 18.0.5+e22287bf1 for .NET Framework
Build started 2025/12/14 14:49:17.

Project "e:\Personal\Coding\QuickView\QuickView_VS2026_X64\src\QuickViewConfig\QuickViewConfig.vcxproj" on node 1 (default targets).
PrepareForBuild:
  Structured output is enabled. The formatting of compiler diagnostics will reflect the error hierarchy. See https://aka.ms/cpp/structured-output for more details.
InitializeBuildStatus:
  Touching "obj\x64\Debug\QuickViewConfig.tlog\unsuccessfulbuild".
ClCompile:
  All outputs are up-to-date.
  D:\Program Files\Microsoft Visual Studio\18\Community\VC\Tools\MSVC\14.44.35207\bin\HostX86\x64\CL.exe /c /Zi /nologo /W3 /WX- /diagnostics:column /Od /D WIN32 /D _DEBUG /D _WINDOWS /D STRICT /D QV_CONFIG_APP /D _ATL_CSTRING_EXPLICIT_CONSTRUCTORS /D _ATL_NO_COM_SUPPORT /D _UNICODE /D UNICODE /Gm- /EHsc /MDd /GS /fp:precise /Zc:wchar_t /Zc:forScope /Zc:inline /Yc"stdafx.h" /Fp"obj\x64\Debug\QuickViewConfig.pch" /Fo"obj\x64\Debug\\" /Fd"obj\x64\Debug\vc143.pdb" /external:W3 /Gd /TP /FC /errorReport:queue stdafx.cpp
  stdafx.cpp
  D:\Program Files\Microsoft Visual Studio\18\Community\VC\Tools\MSVC\14.44.35207\bin\HostX86\x64\CL.exe /c /Zi /nologo /W3 /WX- /diagnostics:column /Od /D WIN32 /D _DEBUG /D _WINDOWS /D STRICT /D QV_CONFIG_APP /D _ATL_CSTRING_EXPLICIT_CONSTRUCTORS /D _ATL_NO_COM_SUPPORT /D _UNICODE /D UNICODE /Gm- /EHsc /MDd /GS /fp:precise /Zc:wchar_t /Zc:forScope /Zc:inline /Yu"stdafx.h" /Fp"obj\x64\Debug\QuickViewConfig.pch" /Fo"obj\x64\Debug\\" /Fd"obj\x64\Debug\vc143.pdb" /external:W3 /Gd /TP /FC /errorReport:queue QuickViewConfig.cpp ..\JPEGView\SettingsProvider.cpp ..\JPEGView\Helpers.cpp ..\JPEGView\UserCommand.cpp ..\JPEGView\NLS.cpp ..\JPEGView\HashCompareLPCTSTR.cpp ..\JPEGView\MultiMonitorSupport.cpp ..\JPEGView\KeyMap.cpp
  QuickViewConfig.cpp
  SettingsProvider.cpp
e:\Personal\Coding\QuickView\QuickView_VS2026_X64\src\JPEGView\SettingsProvider.cpp(201,70): warning C4244: “=”: 从“double”转换到“int”，可能丢失数据 [e:\Personal\Coding\QuickView\QuickView_VS2026_X64\src\QuickViewConfig\QuickViewConfig.vcxproj]
  (compiling source file '/JPEGView/SettingsProvider.cpp')
  
  Helpers.cpp
  UserCommand.cpp
  NLS.cpp
  HashCompareLPCTSTR.cpp
  MultiMonitorSupport.cpp
  KeyMap.cpp
e:\Personal\Coding\QuickView\QuickView_VS2026_X64\src\JPEGView\KeyMap.cpp(35,16): error C2065: “VK_PAGE_DOWN”: 未声明的标识符 [e:\Personal\Coding\QuickView\QuickView_VS2026_X64\src\QuickViewConfig\QuickViewConfig.vcxproj]
  (compiling source file '/JPEGView/KeyMap.cpp')
  
e:\Personal\Coding\QuickView\QuickView_VS2026_X64\src\JPEGView\KeyMap.cpp(36,16): error C2065: “VK_PAGE_UP”: 未声明的标识符 [e:\Personal\Coding\QuickView\QuickView_VS2026_X64\src\QuickViewConfig\QuickViewConfig.vcxproj]
  (compiling source file '/JPEGView/KeyMap.cpp')
  
e:\Personal\Coding\QuickView\QuickView_VS2026_X64\src\JPEGView\KeyMap.cpp(43,16): error C2065: “VK_PLUS”: 未声明的标识符 [e:\Personal\Coding\QuickView\QuickView_VS2026_X64\src\QuickViewConfig\QuickViewConfig.vcxproj]
  (compiling source file '/JPEGView/KeyMap.cpp')
  
e:\Personal\Coding\QuickView\QuickView_VS2026_X64\src\JPEGView\KeyMap.cpp(44,17): error C2065: “VK_MINUS”: 未声明的标识符 [e:\Personal\Coding\QuickView\QuickView_VS2026_X64\src\QuickViewConfig\QuickViewConfig.vcxproj]
  (compiling source file '/JPEGView/KeyMap.cpp')
  
  正在生成代码...
Done Building Project "e:\Personal\Coding\QuickView\QuickView_VS2026_X64\src\QuickViewConfig\QuickViewConfig.vcxproj" (default targets) -- FAILED.

Build FAILED.

"e:\Personal\Coding\QuickView\QuickView_VS2026_X64\src\QuickViewConfig\QuickViewConfig.vcxproj" (default target) (1) ->
(ClCompile target) -> 
  e:\Personal\Coding\QuickView\QuickView_VS2026_X64\src\JPEGView\SettingsProvider.cpp(201,70): warning C4244: “=”: 从“double”转换到“int”，可能丢失数据 [e:\Personal\Coding\QuickView\QuickView_VS2026_X64\src\QuickViewConfig\QuickViewConfig.vcxproj]


"e:\Personal\Coding\QuickView\QuickView_VS2026_X64\src\QuickViewConfig\QuickViewConfig.vcxproj" (default target) (1) ->
(ClCompile target) -> 
  e:\Personal\Coding\QuickView\QuickView_VS2026_X64\src\JPEGView\KeyMap.cpp(35,16): error C2065: “VK_PAGE_DOWN”: 未声明的标识符 [e:\Personal\Coding\QuickView\QuickView_VS2026_X64\src\QuickViewConfig\QuickViewConfig.vcxproj]
  e:\Personal\Coding\QuickView\QuickView_VS2026_X64\src\JPEGView\KeyMap.cpp(36,16): error C2065: “VK_PAGE_UP”: 未声明的标识符 [e:\Personal\Coding\QuickView\QuickView_VS2026_X64\src\QuickViewConfig\QuickViewConfig.vcxproj]
  e:\Personal\Coding\QuickView\QuickView_VS2026_X64\src\JPEGView\KeyMap.cpp(43,16): error C2065: “VK_PLUS”: 未声明的标识符 [e:\Personal\Coding\QuickView\QuickView_VS2026_X64\src\QuickViewConfig\QuickViewConfig.vcxproj]
  e:\Personal\Coding\QuickView\QuickView_VS2026_X64\src\JPEGView\KeyMap.cpp(44,17): error C2065: “VK_MINUS”: 未声明的标识符 [e:\Personal\Coding\QuickView\QuickView_VS2026_X64\src\QuickViewConfig\QuickViewConfig.vcxproj]

    1 Warning(s)
    4 Error(s)

Time Elapsed 00:00:03.35
