MSBuild version 18.0.5+e22287bf1 for .NET Framework
Build started 2025/12/21 13:26:52.

     1>Project "E:\Personal\Coding\QuickView\QuickView2026\QuickView2026.vcxproj" on node 1 (Build target(s)).
     1>PrepareForBuild:
         Structured output is enabled. The formatting of compiler diagnostics will reflect the error hierarchy. See https://aka.ms/cpp/structured-output for more details.
       InitializeBuildStatus:
         Touching "E:\Personal\Coding\QuickView\QuickView2026\obj\x64\Release\QuickView2026.tlog\unsuccessfulbuild".
       ComputeStdModulesCompileInputs:
         Reading library manifest file 'D:\Program Files\Microsoft Visual Studio\18\Community\VC\Tools\MSVC\14.50.35717\modules\modules.json' which provides data for library 'microsoft/STL'.
         Adding module source 'D:\Program Files\Microsoft Visual Studio\18\Community\VC\Tools\MSVC\14.50.35717\modules\std.ixx' from library 'microsoft/STL' to be built with this project.
         Adding module source 'D:\Program Files\Microsoft Visual Studio\18\Community\VC\Tools\MSVC\14.50.35717\modules\std.compat.ixx' from library 'microsoft/STL' to be built with this project.
       VcpkgTripletSelection:
         Using triplet "x64-windows-static-opt" from "E:\Personal\Coding\QuickView\third_party\vcpkg\installed\x64-windows-static-opt\"
         Using normalized configuration "Release"
       ClCompile:
         All outputs are up-to-date.
         All outputs are up-to-date.
         All outputs are up-to-date.
       Link:
         D:\Program Files\Microsoft Visual Studio\18\Community\VC\Tools\MSVC\14.50.35717\bin\HostX86\x64\link.exe /ERRORREPORT:QUEUE /OUT:"E:\Personal\Coding\QuickView\QuickView2026\bin\x64\Release\QuickView2026.exe" /NOLOGO /LIBPATH:"E:\Personal\Coding\QuickView\third_party\vcpkg\installed\x64-windows-static-opt\lib" /LIBPATH:"E:\Personal\Coding\QuickView\third_party\vcpkg\installed\x64-windows-static-opt\lib\manual-link" dwrite.lib kernel32.lib user32.lib gdi32.lib winspool.lib comdlg32.lib advapi32.lib shell32.lib ole32.lib oleaut32.lib uuid.lib odbc32.lib odbccp32.lib "E:\Personal\Coding\QuickView\third_party\vcpkg\installed\x64-windows-static-opt\lib\*.lib" /MANIFEST /MANIFESTUAC:"level='asInvoker' uiAccess='false'" /manifest:embed /DEBUG /PDB:"E:\Personal\Coding\QuickView\QuickView2026\bin\x64\Release\QuickView2026.pdb" /SUBSYSTEM:WINDOWS /OPT:REF /OPT:ICF /LTCG:incremental /LTCGOUT:"E:\Personal\Coding\QuickView\QuickView2026\obj\x64\Release\QuickView2026.iobj" /TLBID:1 /DYNAMICBASE /NXCOMPAT /IMPLIB:"E:\Personal\Coding\QuickView\QuickView2026\bin\x64\Release\QuickView2026.lib" /MACHINE:X64 E:\Personal\Coding\QuickView\QuickView2026\obj\x64\Release\pch.obj
         E:\Personal\Coding\QuickView\QuickView2026\obj\x64\Release\RenderEngine.obj
         E:\Personal\Coding\QuickView\QuickView2026\obj\x64\Release\ImageLoader.obj
         E:\Personal\Coding\QuickView\QuickView2026\obj\x64\Release\LosslessTransform.obj
         E:\Personal\Coding\QuickView\QuickView2026\obj\x64\Release\StbLoader.obj
         E:\Personal\Coding\QuickView\QuickView2026\obj\x64\Release\TinyExrLoader.obj
         E:\Personal\Coding\QuickView\QuickView2026\obj\x64\Release\WuffsImpl.obj
         E:\Personal\Coding\QuickView\QuickView2026\obj\x64\Release\main.obj
           正在创建库 E:\Personal\Coding\QuickView\QuickView2026\bin\x64\Release\QuickView2026.lib 和对象 E:\Personal\Coding\QuickView\QuickView2026\bin\x64\Release\QuickView2026.exp
     1>StbLoader.obj : error LNK2001: 无法解析的外部符号 stbi_zlib_decode_malloc [E:\Personal\Coding\QuickView\QuickView2026\QuickView2026.vcxproj]
     1>E:\Personal\Coding\QuickView\QuickView2026\bin\x64\Release\QuickView2026.exe : fatal error LNK1120: 1 个无法解析的外部命令 [E:\Personal\Coding\QuickView\QuickView2026\QuickView2026.vcxproj]
     1>Done Building Project "E:\Personal\Coding\QuickView\QuickView2026\QuickView2026.vcxproj" (Build target(s)) -- FAILED.

Build FAILED.

       "E:\Personal\Coding\QuickView\QuickView2026\QuickView2026.vcxproj" (Build target) (1) ->
       (Link target) -> 
         StbLoader.obj : error LNK2001: 无法解析的外部符号 stbi_zlib_decode_malloc [E:\Personal\Coding\QuickView\QuickView2026\QuickView2026.vcxproj]
         E:\Personal\Coding\QuickView\QuickView2026\bin\x64\Release\QuickView2026.exe : fatal error LNK1120: 1 个无法解析的外部命令 [E:\Personal\Coding\QuickView\QuickView2026\QuickView2026.vcxproj]

    0 Warning(s)
    2 Error(s)

Time Elapsed 00:00:01.30
